<?xml version="1.0" encoding="UTF-8" ?>
<testsuite failures="0" time="0.056" errors="0" skipped="0" tests="7" name="is.marshmallow.TicTacToeTest">
  <properties>
[...]
</properties>
  <testcase time="0.006" classname="is.marshmallow.TicTacToeTest" name="TestInitializedBoard"/>
  <testcase time="0.002" classname="is.marshmallow.TicTacToeTest" name="TestPlaceMarker"/>
  <testcase time="0.002" classname="is.marshmallow.TicTacToeTest" name="TestCorrectMarker"/>
  <testcase time="0.003" classname="is.marshmallow.TicTacToeTest" name="TestCheckWinnerRow"/>
  <testcase time="0.001" classname="is.marshmallow.TicTacToeTest" name="TestCheckDraw"/>
  <testcase time="0.001" classname="is.marshmallow.TicTacToeTest" name="TestSwitchPlayer"/>
  <testcase time="0.002" classname="is.marshmallow.TicTacToeTest" name="test"/>
</testsuite>